<?xml version="1.0" encoding="UTF-8"?>
<testng-results skipped="0" failed="0" ignored="0" total="2" passed="2">
  <reporter-output>
  </reporter-output>
  <suite name="Default suite" duration-ms="149634" started-at="2018-08-08T09:29:33Z" finished-at="2018-08-08T09:32:03Z">
    <groups>
    </groups>
    <test name="Default test" duration-ms="149634" started-at="2018-08-08T09:29:33Z" finished-at="2018-08-08T09:32:03Z">
      <class name="com.masteringselenium.demo.BasicTest">
        <test-method status="PASS" signature="googleCheeseExample()[pri:0, instance:com.masteringselenium.demo.BasicTest@27efef64]" name="googleCheeseExample" duration-ms="88022" started-at="2018-08-08T09:29:33Z" finished-at="2018-08-08T09:31:01Z">
          <reporter-output>
          </reporter-output>
        </test-method> <!-- googleCheeseExample -->
        <test-method status="PASS" signature="googleMilkExample()[pri:0, instance:com.masteringselenium.demo.BasicTest@27efef64]" name="googleMilkExample" duration-ms="61520" started-at="2018-08-08T09:31:01Z" finished-at="2018-08-08T09:32:03Z">
          <reporter-output>
          </reporter-output>
        </test-method> <!-- googleMilkExample -->
      </class> <!-- com.masteringselenium.demo.BasicTest -->
    </test> <!-- Default test -->
  </suite> <!-- Default suite -->
</testng-results>
